<?xml version="1.0" encoding="UTF-8"?>
<testng-results ignored="0" total="1" passed="1" failed="0" skipped="0">
  <reporter-output>
  </reporter-output>
  <suite started-at="2023-12-19T13:21:23 IST" name="Default suite" finished-at="2023-12-19T13:21:24 IST" duration-ms="262">
    <groups>
    </groups>
    <test started-at="2023-12-19T13:21:23 IST" name="Default test" finished-at="2023-12-19T13:21:24 IST" duration-ms="262">
      <class name="practice.SampleTest">
        <test-method signature="m1()[pri:0, instance:practice.SampleTest@7cc0cdad]" started-at="2023-12-19T13:21:23 IST" name="m1" finished-at="2023-12-19T13:21:24 IST" duration-ms="32" status="PASS">
          <reporter-output>
          </reporter-output>
        </test-method> <!-- m1 -->
      </class> <!-- practice.SampleTest -->
    </test> <!-- Default test -->
  </suite> <!-- Default suite -->
</testng-results>
